starukon/Temp/gradleOut/launcher/build/outputs/logs/manifest-merger-release-report.txt
-- Merging decision tree log ---
manifest
ADDED from src/main/AndroidManifest.xml:3:1-6:12
INJECTED from src/main/AndroidManifest.xml:3:1-6:12
INJECTED from src/main/AndroidManifest.xml:3:1-6:12
INJECTED from src/main/AndroidManifest.xml:3:1-6:12
MERGED from [:unityLibrary] AndroidManifest.xml:3:1-69:12
INJECTED from src/main/AndroidManifest.xml:3:1-6:12
INJECTED from src/main/AndroidManifest.xml:3:1-6:12
INJECTED from src/main/AndroidManifest.xml:3:1-6:12
	package
		ADDED from src/main/AndroidManifest.xml:3:70-103
		INJECTED from src/main/AndroidManifest.xml
		INJECTED from src/main/AndroidManifest.xml
	android:versionName
		INJECTED from src/main/AndroidManifest.xml
		ADDED from src/main/AndroidManifest.xml:3:1-6:12
		INJECTED from src/main/AndroidManifest.xml
	xmlns:tools
		ADDED from src/main/AndroidManifest.xml:3:104-150
	android:versionCode
		INJECTED from src/main/AndroidManifest.xml
		ADDED from src/main/AndroidManifest.xml:3:1-6:12
		INJECTED from src/main/AndroidManifest.xml
	xmlns:android
		ADDED from src/main/AndroidManifest.xml:3:11-69
	android:installLocation
		ADDED from src/main/AndroidManifest.xml:3:151-191
supports-screens
ADDED from src/main/AndroidManifest.xml:4:3-163
	android:largeScreens
		ADDED from src/main/AndroidManifest.xml:4:78-105
	android:smallScreens
		ADDED from src/main/AndroidManifest.xml:4:21-48
	android:normalScreens
		ADDED from src/main/AndroidManifest.xml:4:49-77
	android:xlargeScreens
		ADDED from src/main/AndroidManifest.xml:4:106-134
	android:anyDensity
		ADDED from src/main/AndroidManifest.xml:4:135-160
application
ADDED from src/main/AndroidManifest.xml:5:3-126
MERGED from [:unityLibrary] AndroidManifest.xml:33:5-67:19
MERGED from [:unityLibrary] AndroidManifest.xml:33:5-67:19
	android:label
		ADDED from src/main/AndroidManifest.xml:5:16-48
	android:roundIcon
		ADDED from src/main/AndroidManifest.xml:5:81-123
	android:icon
		ADDED from src/main/AndroidManifest.xml:5:49-80
uses-sdk
INJECTED from src/main/AndroidManifest.xml reason: use-sdk injection requested
INJECTED from src/main/AndroidManifest.xml
INJECTED from src/main/AndroidManifest.xml
MERGED from [:unityLibrary] AndroidManifest.xml:9:5-11:41
MERGED from [:unityLibrary] AndroidManifest.xml:9:5-11:41
INJECTED from src/main/AndroidManifest.xml
INJECTED from src/main/AndroidManifest.xml
	android:targetSdkVersion
		INJECTED from src/main/AndroidManifest.xml
		ADDED from src/main/AndroidManifest.xml
		INJECTED from src/main/AndroidManifest.xml
	android:minSdkVersion
		INJECTED from src/main/AndroidManifest.xml
		ADDED from src/main/AndroidManifest.xml
		INJECTED from src/main/AndroidManifest.xml
uses-feature#0x00030000
ADDED from [:unityLibrary] AndroidManifest.xml:13:5-54
	android:glEsVersion
		ADDED from [:unityLibrary] AndroidManifest.xml:13:19-51
uses-feature#android.hardware.vulkan.version
ADDED from [:unityLibrary] AndroidManifest.xml:14:5-16:36
	android:required
		ADDED from [:unityLibrary] AndroidManifest.xml:16:9-33
	android:name
		ADDED from [:unityLibrary] AndroidManifest.xml:15:9-55
uses-permission#android.permission.INTERNET
ADDED from [:unityLibrary] AndroidManifest.xml:18:5-67
	android:name
		ADDED from [:unityLibrary] AndroidManifest.xml:18:22-64
uses-feature#android.hardware.sensor.accelerometer
ADDED from [:unityLibrary] AndroidManifest.xml:20:5-22:36
	android:required
		ADDED from [:unityLibrary] AndroidManifest.xml:22:9-33
	android:name
		ADDED from [:unityLibrary] AndroidManifest.xml:21:9-61
uses-feature#android.hardware.touchscreen
ADDED from [:unityLibrary] AndroidManifest.xml:23:5-25:36
	android:required
		ADDED from [:unityLibrary] AndroidManifest.xml:25:9-33
	android:name
		ADDED from [:unityLibrary] AndroidManifest.xml:24:9-52
uses-feature#android.hardware.touchscreen.multitouch
ADDED from [:unityLibrary] AndroidManifest.xml:26:5-28:36
	android:required
		ADDED from [:unityLibrary] AndroidManifest.xml:28:9-33
	android:name
		ADDED from [:unityLibrary] AndroidManifest.xml:27:9-63
uses-feature#android.hardware.touchscreen.multitouch.distinct
ADDED from [:unityLibrary] AndroidManifest.xml:29:5-31:36
	android:required
		ADDED from [:unityLibrary] AndroidManifest.xml:31:9-33
	android:name
		ADDED from [:unityLibrary] AndroidManifest.xml:30:9-72
activity#com.unity3d.player.UnityPlayerActivity
ADDED from [:unityLibrary] AndroidManifest.xml:34:9-53:20
	android:screenOrientation
		ADDED from [:unityLibrary] AndroidManifest.xml:39:13-49
	android:launchMode
		ADDED from [:unityLibrary] AndroidManifest.xml:38:13-44
	android:hardwareAccelerated
		ADDED from [:unityLibrary] AndroidManifest.xml:37:13-48
	android:configChanges
		ADDED from [:unityLibrary] AndroidManifest.xml:36:13-194
	android:theme
		ADDED from [:unityLibrary] AndroidManifest.xml:40:13-54
	android:name
		ADDED from [:unityLibrary] AndroidManifest.xml:35:13-66
intent-filter#action:name:android.intent.action.MAIN+category:name:android.intent.category.LAUNCHER
ADDED from [:unityLibrary] AndroidManifest.xml:41:13-45:29
action#android.intent.action.MAIN
ADDED from [:unityLibrary] AndroidManifest.xml:42:17-69
	android:name
		ADDED from [:unityLibrary] AndroidManifest.xml:42:25-66
category#android.intent.category.LAUNCHER
ADDED from [:unityLibrary] AndroidManifest.xml:44:17-77
	android:name
		ADDED from [:unityLibrary] AndroidManifest.xml:44:27-74
meta-data#unityplayer.UnityActivity
ADDED from [:unityLibrary] AndroidManifest.xml:47:13-49:40
	android:value
		ADDED from [:unityLibrary] AndroidManifest.xml:49:17-37
	android:name
		ADDED from [:unityLibrary] AndroidManifest.xml:48:17-57
meta-data#android.notch_support
ADDED from [:unityLibrary] AndroidManifest.xml:50:13-52:40
	android:value
		ADDED from [:unityLibrary] AndroidManifest.xml:52:17-37
	android:name
		ADDED from [:unityLibrary] AndroidManifest.xml:51:17-53
meta-data#unity.splash-mode
ADDED from [:unityLibrary] AndroidManifest.xml:55:9-57:33
	android:value
		ADDED from [:unityLibrary] AndroidManifest.xml:57:13-30
	android:name
		ADDED from [:unityLibrary] AndroidManifest.xml:56:13-45
meta-data#unity.splash-enable
ADDED from [:unityLibrary] AndroidManifest.xml:58:9-60:36
	android:value
		ADDED from [:unityLibrary] AndroidManifest.xml:60:13-33
	android:name
		ADDED from [:unityLibrary] AndroidManifest.xml:59:13-47
meta-data#notch.config
ADDED from [:unityLibrary] AndroidManifest.xml:61:9-63:50
	android:value
		ADDED from [:unityLibrary] AndroidManifest.xml:63:13-47
	android:name
		ADDED from [:unityLibrary] AndroidManifest.xml:62:13-40
meta-data#unity.build-id
ADDED from [:unityLibrary] AndroidManifest.xml:64:9-66:68
	android:value
		ADDED from [:unityLibrary] AndroidManifest.xml:66:13-65
	android:name
		ADDED from [:unityLibrary] AndroidManifest.xml:65:13-42